Determining if the pthread_create exist failed with the following output:
Change Dir: /home/arg/ctsphub-workshop-2020/02-camera-pcl/01-depth-camera/catkin_ws/build/CMakeFiles/CMakeTmp

Run Build Command:"/usr/bin/make" "cmTC_75215/fast"
/usr/bin/make -f CMakeFiles/cmTC_75215.dir/build.make CMakeFiles/cmTC_75215.dir/build
make[1]: Entering directory '/home/arg/ctsphub-workshop-2020/02-camera-pcl/01-depth-camera/catkin_ws/build/CMakeFiles/CMakeTmp'
Building C object CMakeFiles/cmTC_75215.dir/CheckSymbolExists.c.o
/usr/bin/cc     -o CMakeFiles/cmTC_75215.dir/CheckSymbolExists.c.o   -c /home/arg/ctsphub-workshop-2020/02-camera-pcl/01-depth-camera/catkin_ws/build/CMakeFiles/CMakeTmp/CheckSymbolExists.c
Linking C executable cmTC_75215
/usr/bin/cmake -E cmake_link_script CMakeFiles/cmTC_75215.dir/link.txt --verbose=1
/usr/bin/cc       CMakeFiles/cmTC_75215.dir/CheckSymbolExists.c.o  -o cmTC_75215 -rdynamic 
CMakeFiles/cmTC_75215.dir/CheckSymbolExists.c.o: In function `main':
CheckSymbolExists.c:(.text+0x16): undefined reference to `pthread_create'
collect2: error: ld returned 1 exit status
CMakeFiles/cmTC_75215.dir/build.make:97: recipe for target 'cmTC_75215' failed
make[1]: *** [cmTC_75215] Error 1
make[1]: Leaving directory '/home/arg/ctsphub-workshop-2020/02-camera-pcl/01-depth-camera/catkin_ws/build/CMakeFiles/CMakeTmp'
Makefile:126: recipe for target 'cmTC_75215/fast' failed
make: *** [cmTC_75215/fast] Error 2

File /home/arg/ctsphub-workshop-2020/02-camera-pcl/01-depth-camera/catkin_ws/build/CMakeFiles/CMakeTmp/CheckSymbolExists.c:
/* */
#include <pthread.h>

int main(int argc, char** argv)
{
  (void)argv;
#ifndef pthread_create
  return ((int*)(&pthread_create))[argc];
#else
  (void)argc;
  return 0;
#endif
}

Determining if the function pthread_create exists in the pthreads failed with the following output:
Change Dir: /home/arg/ctsphub-workshop-2020/02-camera-pcl/01-depth-camera/catkin_ws/build/CMakeFiles/CMakeTmp

Run Build Command:"/usr/bin/make" "cmTC_33845/fast"
/usr/bin/make -f CMakeFiles/cmTC_33845.dir/build.make CMakeFiles/cmTC_33845.dir/build
make[1]: Entering directory '/home/arg/ctsphub-workshop-2020/02-camera-pcl/01-depth-camera/catkin_ws/build/CMakeFiles/CMakeTmp'
Building C object CMakeFiles/cmTC_33845.dir/CheckFunctionExists.c.o
/usr/bin/cc    -DCHECK_FUNCTION_EXISTS=pthread_create   -o CMakeFiles/cmTC_33845.dir/CheckFunctionExists.c.o   -c /usr/share/cmake-3.5/Modules/CheckFunctionExists.c
Linking C executable cmTC_33845
/usr/bin/cmake -E cmake_link_script CMakeFiles/cmTC_33845.dir/link.txt --verbose=1
/usr/bin/cc   -DCHECK_FUNCTION_EXISTS=pthread_create    CMakeFiles/cmTC_33845.dir/CheckFunctionExists.c.o  -o cmTC_33845 -rdynamic -lpthreads 
/usr/bin/ld: cannot find -lpthreads
collect2: error: ld returned 1 exit status
CMakeFiles/cmTC_33845.dir/build.make:97: recipe for target 'cmTC_33845' failed
make[1]: *** [cmTC_33845] Error 1
make[1]: Leaving directory '/home/arg/ctsphub-workshop-2020/02-camera-pcl/01-depth-camera/catkin_ws/build/CMakeFiles/CMakeTmp'
Makefile:126: recipe for target 'cmTC_33845/fast' failed
make: *** [cmTC_33845/fast] Error 2


